<?xml version="1.0" ?>
<!DOCTYPE coverage SYSTEM "http://cobertura.sourceforge.net/xml/coverage-04.dtd">
<coverage lines-valid="24"  lines-covered="24"  line-rate="1"  branches-valid="2"  branches-covered="2"  branch-rate="1"  timestamp="1492271689209" complexity="0" version="0.1">
<sources>
	<source>C:\Users\Gus\Documents\Visual Studio 2017\Projects\Clovus</source>
</sources>
<packages>
	<package name="clovus-ui"  line-rate="1"  branch-rate="1" >
	<classes>
		<class name="ClovusUi.ts"  filename="clovus-ui\ClovusUi.ts"  line-rate="1"  branch-rate="1" >
		<methods>
			<method name="(anonymous_4)"  hits="1"  signature="()V" >
				<lines><line number="4"  hits="1" /></lines>
			</method>
			<method name="(anonymous_6)"  hits="4"  signature="()V" >
				<lines><line number="8"  hits="4" /></lines>
			</method>
			<method name="(anonymous_7)"  hits="1"  signature="()V" >
				<lines><line number="15"  hits="1" /></lines>
			</method>
		</methods>
		<lines>
			<line number="1"  hits="1"  branch="false" />
			<line number="3"  hits="1"  branch="false" />
			<line number="4"  hits="1"  branch="false" />
			<line number="5"  hits="1"  branch="false" />
			<line number="6"  hits="1"  branch="false" />
			<line number="7"  hits="1"  branch="false" />
			<line number="8"  hits="1"  branch="false" />
			<line number="9"  hits="4"  branch="true"  condition-coverage="100% (2/2)" />
			<line number="10"  hits="3"  branch="false" />
			<line number="12"  hits="1"  branch="false" />
			<line number="13"  hits="1"  branch="false" />
			<line number="15"  hits="1"  branch="false" />
		</lines>
		</class>
	</classes>
	</package>
	<package name="clovus-ui.components"  line-rate="1"  branch-rate="1" >
	<classes>
		<class name="ViewSplit.component.ts"  filename="clovus-ui\components\ViewSplit.component.ts"  line-rate="1"  branch-rate="1" >
		<methods>
			<method name="(anonymous_3)"  hits="1"  signature="()V" >
				<lines><line number="2"  hits="1" /></lines>
			</method>
		</methods>
		<lines>
			<line number="1"  hits="1"  branch="false" />
			<line number="2"  hits="2"  branch="false" />
			<line number="4"  hits="1"  branch="false" />
			<line number="5"  hits="1"  branch="false" />
		</lines>
		</class>
		<class name="index.ts"  filename="clovus-ui\components\index.ts"  line-rate="1"  branch-rate="1" >
		<methods>
		</methods>
		<lines>
			<line number="1"  hits="1"  branch="false" />
		</lines>
		</class>
	</classes>
	</package>
	<package name="clovus-ui.views"  line-rate="1"  branch-rate="1" >
	<classes>
		<class name="Default.view.ts"  filename="clovus-ui\views\Default.view.ts"  line-rate="1"  branch-rate="1" >
		<methods>
			<method name="(anonymous_3)"  hits="1"  signature="()V" >
				<lines><line number="2"  hits="1" /></lines>
			</method>
			<method name="Default"  hits="1"  signature="()V" >
				<lines><line number="3"  hits="1" /></lines>
			</method>
			<method name="(anonymous_5)"  hits="2"  signature="()V" >
				<lines><line number="11"  hits="2" /></lines>
			</method>
		</methods>
		<lines>
			<line number="1"  hits="1"  branch="false" />
			<line number="2"  hits="1"  branch="false" />
			<line number="3"  hits="1"  branch="false" />
			<line number="6"  hits="1"  branch="false" />
			<line number="7"  hits="1"  branch="false" />
			<line number="12"  hits="2"  branch="false" />
		</lines>
		</class>
		<class name="index.ts"  filename="clovus-ui\views\index.ts"  line-rate="1"  branch-rate="1" >
		<methods>
		</methods>
		<lines>
			<line number="1"  hits="1"  branch="false" />
		</lines>
		</class>
	</classes>
	</package>
	<package name="test.clovus-ui"  line-rate="1"  branch-rate="1" >
	<classes>
		<class name="index.ts"  filename="test\clovus-ui\index.ts"  line-rate="1"  branch-rate="1" >
		<methods>
		</methods>
		<lines>
		</lines>
		</class>
	</classes>
	</package>
	<package name="test.clovus-ui.views"  line-rate="1"  branch-rate="1" >
	<classes>
		<class name="index.ts"  filename="test\clovus-ui\views\index.ts"  line-rate="1"  branch-rate="1" >
		<methods>
		</methods>
		<lines>
		</lines>
		</class>
	</classes>
	</package>
</packages>
</coverage>
